T21AC 26503:151 SEGGER J-Link V6.10i Log File (0000ms, 17605ms total)
T21AC 26503:151 DLL Compiled: Oct 25 2016 19:31:51 (0000ms, 17605ms total)
T21AC 26503:151 Logging started @ 2017-03-23 16:07 (0000ms, 17605ms total)
T21AC 26503:166 JLINK_ExecCommand("Device = ATSAMC21J18A", ...). Device "ATSAMC21J18" selected.  returns 0x00 (0000ms, 17605ms total)
T21AC 26503:192 JLINK_ExecCommand("device = ATSAMC21J18A", ...). Device "ATSAMC21J18" selected.  returns 0x00 (0001ms, 17606ms total)
T21AC 26503:193 JLINK_GetHWStatus(...)  returns 0x00 (0000ms, 17606ms total)
T21AC 26503:193 JLINK_ClrRESET() (0001ms, 17607ms total)
T21AC 26503:194 JLINK_SetRESET() (0000ms, 17607ms total)
T21AC 26503:194 JLINK_ClrRESET() (0001ms, 17608ms total)
T21AC 26503:195 JLINK_ClrTCK()  returns 0x00 (0000ms, 17608ms total)
T21AC 26503:195 JLINK_SetRESET() (0001ms, 17609ms total)
T21AC 26503:196 JLINK_Clock()  returns 0x00 (0000ms, 17609ms total)
T21AC 26503:196 JLINK_TIF_Select(JLINKARM_TIF_SWD)  returns 0x00 (0002ms, 17611ms total)
T21AC 26503:198 JLINK_SetSpeed(50) (0000ms, 17611ms total)
T21AC 26503:198 JLINK_JTAG_StoreRaw(..., 0x108 Bits)  returns 0x00 (0000ms, 17611ms total)
T21AC 26503:198 JLINK_JTAG_GetU32(BitPos = 227) >0x108 TIF>  returns 0x0BC11477 (0006ms, 17617ms total)
T21AC 26503:204 JLINK_JTAG_StoreRaw(..., 0x08 Bits)  returns 0x00 (0000ms, 17617ms total)
T21AC 26503:204 JLINK_JTAG_StoreRaw(..., 0x03 Bits)  returns 0x08 (0000ms, 17617ms total)
T21AC 26503:204 JLINK_JTAG_StoreRaw(..., 0x28 Bits)  returns 0x0B (0000ms, 17617ms total)
T21AC 26503:204 JLINK_JTAG_GetU8(BitPos = 8) >0x33 TIF>  returns 0xB9 (0002ms, 17619ms total)
T21AC 26503:206 JLINK_JTAG_GetU32(BitPos = 11)  returns 0x0BC11477 (0000ms, 17619ms total)
T21AC 26503:206 JLINK_JTAG_GetU8(BitPos = 43)  returns 0x02 (0000ms, 17619ms total)
T21AC 26503:206 JLINK_JTAG_StoreRaw(..., 0x08 Bits)  returns 0x00 (0000ms, 17619ms total)
T21AC 26503:206 JLINK_JTAG_StoreRaw(..., 0x03 Bits)  returns 0x08 (0000ms, 17619ms total)
T21AC 26503:206 JLINK_JTAG_StoreRaw(..., 0x28 Bits)  returns 0x0B (0000ms, 17619ms total)
T21AC 26503:206 JLINK_JTAG_GetU8(BitPos = 8) >0x33 TIF>  returns 0x01 (0001ms, 17620ms total)
T21AC 26503:207 JLINK_JTAG_GetU32(BitPos = 11)  returns 0x00000000 (0000ms, 17620ms total)
T21AC 26503:207 JLINK_JTAG_GetU8(BitPos = 43)  returns 0x02 (0000ms, 17620ms total)
T21AC 26503:207 JLINK_JTAG_StoreRaw(..., 0x08 Bits)  returns 0x00 (0000ms, 17620ms total)
T21AC 26503:207 JLINK_JTAG_StoreRaw(..., 0x03 Bits)  returns 0x08 (0000ms, 17620ms total)
T21AC 26503:207 JLINK_JTAG_StoreRaw(..., 0x02 Bits)  returns 0x0B (0000ms, 17620ms total)
T21AC 26503:207 JLINK_JTAG_StoreRaw(..., 0x28 Bits)  returns 0x0D (0000ms, 17620ms total)
T21AC 26503:207 JLINK_JTAG_GetU8(BitPos = 8) >0x35 TIF>  returns 0x19 (0002ms, 17622ms total)
T21AC 26503:209 JLINK_JTAG_StoreRaw(..., 0x08 Bits)  returns 0x00 (0000ms, 17622ms total)
T21AC 26503:209 JLINK_JTAG_StoreRaw(..., 0x03 Bits)  returns 0x08 (0000ms, 17622ms total)
T21AC 26503:209 JLINK_JTAG_StoreRaw(..., 0x28 Bits)  returns 0x0B (0000ms, 17622ms total)
T21AC 26503:209 JLINK_JTAG_GetU8(BitPos = 8) >0x33 TIF>  returns 0x09 (0001ms, 17623ms total)
T21AC 26503:210 JLINK_JTAG_GetU32(BitPos = 11)  returns 0xF0000001 (0000ms, 17623ms total)
T21AC 26503:210 JLINK_JTAG_GetU8(BitPos = 43)  returns 0x03 (0000ms, 17623ms total)
T21AC 26503:210 JLINK_WriteU32(0x41002100, 0x00000010) >0x108 TIF>Found SWD-DP with ID 0x0BC11477 >0x0D TIF> >0x28 TIF> >0x0D TIF> >0x28 TIF> >0x0D TIF> >0x28 TIF> >0x0D TIF> >0x28 TIF> >0x0D TIF> >0x21 TIF> >0x0D TIF> >0x28 TIF> >0x0D TIF> >0x28 TIF> >0x0D TIF> >0x28 TIF> >0x0D TIF> >0x21 TIF> >0x0D TIF> >0x21 TIF> >0x0D TIF> >0x28 TIF> >0x0D TIF> >0x28 TIF> >0x0D TIF> >0x28 TIF> >0x0D TIF> >0x28 TIF> >0x0D TIF> >0x28 TIF> >0x0D TIF> >0x28 TIF> >0x0D TIF> >0x21 TIF> >0x0D TIF> >0x21 TIF> >0x0D TIF>
 >0x28 TIF> >0x0D TIF> >0x28 TIF> >0x108 TIF>Found SWD-DP with ID 0x0BC11477 >0x0D TIF> >0x28 TIF> >0x0D TIF> >0x28 TIF> >0x0D TIF> >0x28 TIF> >0x0D TIF> >0x28 TIF> >0x0D TIF> >0x21 TIF> >0x0D TIF> >0x28 TIF> >0x0D TIF> >0x28 TIF> >0x0D TIF> >0x21 TIF> >0x0D TIF> >0x21 TIF> >0x0D TIF> >0x21 TIF>AP-IDR: 0x04770031, Type: AHB-AP >0x0D TIF> >0x28 TIF> >0x0D TIF> >0x28 TIF> >0x0D TIF> >0x28 TIF> >0x0D TIF> >0x21 TIF> >0x0D TIF> >0x21 TIF> >0x0D TIF> >0x28 TIF> >0x0D TIF> >0x21 TIF> >0x0D TIF> >0x21 TIF>
Found Cortex-M0 r0p1, Little endian. -- CPU_ReadMem(4 bytes @ 0xE000EDF0) -- CPU_ReadMem(4 bytes @ 0xE0002000)FPUnit: 4 code (BP) slots and 0 literal slots -- CPU_ReadMem(4 bytes @ 0xE000EDFC) -- CPU_ReadMem(4 bytes @ 0xE0001000) -- CPU_WriteMem(4 bytes @ 0xE0001000)CoreSight components:ROMTbl 0 @ 41003000 -- CPU_ReadMem(16 bytes @ 0x41003000) -- CPU_ReadMem(16 bytes @ 0xE00FFFF0) -- CPU_ReadMem(16 bytes @ 0xE00FFFE0)ROMTbl 0 [0]: 9F0FC000, CID: B105100D, PID: 000BB4C0 ROM TableROMTbl 1 @ E00FF000
 -- CPU_ReadMem(16 bytes @ 0xE00FF000) -- CPU_ReadMem(16 bytes @ 0xE000EFF0) -- CPU_ReadMem(16 bytes @ 0xE000EFE0)ROMTbl 1 [0]: FFF0F000, CID: B105E00D, PID: 000BB008 SCS -- CPU_ReadMem(16 bytes @ 0xE0001FF0) -- CPU_ReadMem(16 bytes @ 0xE0001FE0)ROMTbl 1 [1]: FFF02000, CID: B105E00D, PID: 000BB00A DWT -- CPU_ReadMem(16 bytes @ 0xE0002FF0) -- CPU_ReadMem(16 bytes @ 0xE0002FE0)ROMTbl 1 [2]: FFF03000, CID: B105E00D, PID: 000BB00B FPB -- CPU_ReadMem(16 bytes @ 0x41008FF0)
 -- CPU_ReadMem(16 bytes @ 0x41008FE0)ROMTbl 0 [1]: 00005000, CID: B105900D, PID: 001BB932 MTB-M0+ -- CPU is running -- CPU_WriteMem(4 bytes @ 0x41002100)  returns 0x00 (0231ms, 17854ms total)
T21AC 26503:441 JLINK_ReadMem (0x41002101, 0x0001 Bytes, ...) -- CPU is running -- CPU_ReadMem(1 bytes @ 0x41002101) - Data: 00  returns 0x00 (0006ms, 17860ms total)
T21AC 26503:647 JLINK_ReadMem (0x41002101, 0x0001 Bytes, ...) -- CPU is running -- CPU_ReadMem(1 bytes @ 0x41002101) - Data: 01  returns 0x00 (0006ms, 17866ms total)
T21AC 26503:653 JLINK_ExecCommand("ProjectFile = D:\SCUD\ES49503\software\ATMEL-ES49503\ATMEL-ES49503\ATMEL-ES49503\jlink.config", ...).   returns 0x00 (0000ms, 17866ms total)
T21AC 26503:669 JLINK_ExecCommand("Device = ATSAMC21J18A", ...). Device "ATSAMC21J18" selected.  returns 0x00 (0000ms, 17866ms total)
T21AC 26503:669 JLINK_TIF_Select(JLINKARM_TIF_SWD)  returns 0x00 (0000ms, 17866ms total)
T21AC 26503:669 JLINK_SetSpeed(4000) (0001ms, 17867ms total)
T21AC 26503:670 JLINK_ResetPullsRESET(OFF) (0000ms, 17867ms total)
T21AC 26503:670 JLINK_Connect() >0x108 TIF>Found SWD-DP with ID 0x0BC11477 >0x0D TIF> >0x28 TIF> >0x0D TIF> >0x28 TIF> >0x0D TIF> >0x28 TIF> >0x0D TIF> >0x28 TIF> >0x0D TIF> >0x21 TIF> >0x0D TIF> >0x28 TIF> >0x0D TIF> >0x28 TIF> >0x0D TIF> >0x28 TIF> >0x0D TIF> >0x21 TIF> >0x0D TIF> >0x21 TIF> >0x108 TIF>Found SWD-DP with ID 0x0BC11477 >0x0D TIF> >0x28 TIF> >0x0D TIF> >0x28 TIF> >0x0D TIF> >0x28 TIF> >0x0D TIF> >0x28 TIF> >0x0D TIF> >0x21 TIF> >0x0D TIF> >0x28 TIF> >0x0D TIF> >0x28 TIF> >0x0D TIF>
 >0x21 TIF> >0x0D TIF> >0x21 TIF> >0x0D TIF> >0x21 TIF>AP-IDR: 0x04770031, Type: AHB-AP >0x0D TIF> >0x28 TIF> >0x0D TIF> >0x28 TIF> >0x0D TIF> >0x28 TIF> >0x0D TIF> >0x21 TIF> >0x0D TIF> >0x21 TIF> >0x0D TIF> >0x28 TIF> >0x0D TIF> >0x21 TIF> >0x0D TIF> >0x21 TIF>Found Cortex-M0 r0p1, Little endian. -- CPU_ReadMem(4 bytes @ 0xE000EDF0) -- CPU_ReadMem(4 bytes @ 0xE0002000)FPUnit: 4 code (BP) slots and 0 literal slots -- CPU_ReadMem(4 bytes @ 0xE000EDFC) -- CPU_ReadMem(4 bytes @ 0xE0001000)
 -- CPU_WriteMem(4 bytes @ 0xE0001000)CoreSight components:ROMTbl 0 @ 41003000 -- CPU_ReadMem(16 bytes @ 0x41003000) -- CPU_ReadMem(16 bytes @ 0xE00FFFF0) -- CPU_ReadMem(16 bytes @ 0xE00FFFE0)ROMTbl 0 [0]: 9F0FC000, CID: B105100D, PID: 000BB4C0 ROM TableROMTbl 1 @ E00FF000 -- CPU_ReadMem(16 bytes @ 0xE00FF000) -- CPU_ReadMem(16 bytes @ 0xE000EFF0) -- CPU_ReadMem(16 bytes @ 0xE000EFE0)ROMTbl 1 [0]: FFF0F000, CID: B105E00D, PID: 000BB008 SCS -- CPU_ReadMem(16 bytes @ 0xE0001FF0)
 -- CPU_ReadMem(16 bytes @ 0xE0001FE0)ROMTbl 1 [1]: FFF02000, CID: B105E00D, PID: 000BB00A DWT -- CPU_ReadMem(16 bytes @ 0xE0002FF0) -- CPU_ReadMem(16 bytes @ 0xE0002FE0)ROMTbl 1 [2]: FFF03000, CID: B105E00D, PID: 000BB00B FPB -- CPU_ReadMem(16 bytes @ 0x41008FF0) -- CPU_ReadMem(16 bytes @ 0x41008FE0)ROMTbl 0 [1]: 00005000, CID: B105900D, PID: 001BB932 MTB-M0+  returns 0x00 (0035ms, 17902ms total)
T21AC 26503:705 JLINK_Halt()  returns 0x00 (0002ms, 17904ms total)
T21AC 26503:708 JLINK_JTAG_GetDeviceID(DeviceIndex = 0)  returns 0x00 (0000ms, 17904ms total)
T21AC 26503:708 JLINK_ReadMemU32(0x41002018, 0x0001 Items, ...) -- CPU_ReadMem(4 bytes @ 0x41002018) - Data: 00 03 01 11  returns 0x01 (0001ms, 17905ms total)
T2050 26503:718 JLINK_IsHalted()  returns TRUE (0000ms, 17905ms total)
T2050 26503:718 JLINK_GetMOEs(...) -- CPU_ReadMem(4 bytes @ 0xE000ED30)  returns 0x01 (0001ms, 17906ms total)
T2050 26503:719 JLINK_ReadReg(R15 (PC))  returns 0x000045B0 (0000ms, 17906ms total)
T1CB8 26503:733 JLINK_EMU_GetList(InterfaceMask = 0x00000001, MaxInfos = 0x00000032) [0]: USB, S/N: 59403338  returns 0x01 (0000ms, 17906ms total)
T21AC 26503:736 JLINK_BeginDownload(Flags = 0x00) (0000ms, 17906ms total)
T21AC 26503:736 JLINK_WriteMem(0x00000000, 0x4F30 Bytes, ...) - Data: B8 30 00 20 B1 45 00 00 AD 45 00 00 AD 45 00 00 ...  returns 0x4F30 (0001ms, 17907ms total)
T21AC 26503:737 JLINK_WriteMem(0x00004F30, 0x000B Bytes, ...) - Data: 63 6F 6E 73 74 20 64 61 74 61 00  returns 0x0B (0000ms, 17907ms total)
T21AC 26503:737 JLINK_WriteMem(0x00004F3C, 0x0010 Bytes, ...) - Data: 01 00 00 00 08 00 00 00 40 1F 00 00 01 00 00 00  returns 0x10 (0000ms, 17907ms total)
T2050 26503:920 JLINK_IsHalted()  returns TRUE (0000ms, 17907ms total)
T21AC 26503:920 JLINK_EndDownload() -- CPU_ReadMem(4 bytes @ 0x41008004) -- -------------------------------------- -- Start of determining dirty areas in flash cache -- End of determining dirty areas -- Start of preparing flash programming -- Calculating RAM usage -- RAM usage = 9280 Bytes -- Preserving CPU registers -- Preparing memory -- Determining CPU clock frequency -- CPU frequency = 5340 kHz -- Preparing target -- Downloading RAMCode -- Checking target RAM & preparing RAMCode
 -- End of preparing flash programmingCPU is running at low speed (5340 kHz). -- CPU is running at 5340 kHz. -- Start of comparing flash -- CRC check was estimated as fastest method -- Comparing range 0x0000 - 0x4FFF (80 Sectors, 20 KB), using multi-block CRC calculation -- CRC does not match for sectors 0-79 -- End of comparing flash -- Start of erasing sectors -- Erasing range 0x00000000 - 0x00003FFF (064 Sectors, 16 KB) -- Erasing range 0x00004000 - 0x00004FFF (016 Sectors, 4 KB)
 -- End of erasing sectors -- Start of flash programming -- Programming range 0x00000000 - 0x00003FFF (064 Sectors, 16 KB) -- Programming range 0x00004000 - 0x00004FFF (016 Sectors, 4 KB) -- End of flash programming -- 0x0000 - 0x4FFF (080 Sectors, 20 KB) -- Start of verifying flash -- Checksum calculation was estimated as fastest method -- Checksum is not supported by this flash bank. Switched to read back method. -- End of verifying flash -- Start of restoring -- Restoring RAMCode -- Restore target
 -- Restore memory -- Restoring CPU registers -- End of restoring -- Flash programming performed for 1 range (20480 bytes) -- Total time needed: 0.562s (Prepare: 0.069s, Compare: 0.093s, Erase: 0.074s, Program: 0.229s, Verify: 0.090s, Restore: 0.004s)  returns 0x5000 (0566ms, 18473ms total)
T21AC 26504:486 JLINK_ResetPullsRESET(ON) (0000ms, 18473ms total)
T21AC 26504:486 JLINK_ResetNoHalt() >0x108 TIF>Found SWD-DP with ID 0x0BC11477 >0x0D TIF> >0x28 TIF> >0x0D TIF> >0x28 TIF> >0x0D TIF> >0x28 TIF> >0x0D TIF> >0x28 TIF> >0x0D TIF> >0x21 TIF> >0x0D TIF> >0x28 TIF> >0x0D TIF> >0x28 TIF> >0x0D TIF> >0x28 TIF> >0x0D TIF> >0x21 TIF> >0x0D TIF> >0x21 TIF> >0x108 TIF>Found SWD-DP with ID 0x0BC11477 >0x0D TIF> >0x28 TIF> >0x0D TIF> >0x28 TIF> >0x0D TIF> >0x28 TIF> >0x0D TIF> >0x28 TIF> >0x0D TIF> >0x21 TIF> >0x0D TIF> >0x28 TIF> >0x0D TIF> >0x28 TIF> >0x0D TIF>
 >0x21 TIF> >0x0D TIF> >0x21 TIF> >0x0D TIF> >0x21 TIF>AP-IDR: 0x04770031, Type: AHB-AP >0x0D TIF> >0x28 TIF> >0x0D TIF> >0x28 TIF> >0x0D TIF> >0x28 TIF> >0x0D TIF> >0x21 TIF> >0x0D TIF> >0x21 TIF> >0x0D TIF> >0x28 TIF> >0x0D TIF> >0x21 TIF> >0x0D TIF> >0x21 TIF>Found Cortex-M0 r0p1, Little endian. -- CPU_ReadMem(4 bytes @ 0xE000EDF0) -- CPU_ReadMem(4 bytes @ 0xE0002000)FPUnit: 4 code (BP) slots and 0 literal slots -- CPU_ReadMem(4 bytes @ 0xE000EDFC) -- CPU_ReadMem(4 bytes @ 0xE0001000)
CoreSight components:ROMTbl 0 @ 41003000 -- CPU_ReadMem(16 bytes @ 0x41003000) -- CPU_ReadMem(16 bytes @ 0xE00FFFF0) -- CPU_ReadMem(16 bytes @ 0xE00FFFE0)ROMTbl 0 [0]: 9F0FC000, CID: B105100D, PID: 000BB4C0 ROM TableROMTbl 1 @ E00FF000 -- CPU_ReadMem(16 bytes @ 0xE00FF000) -- CPU_ReadMem(16 bytes @ 0xE000EFF0) -- CPU_ReadMem(16 bytes @ 0xE000EFE0)ROMTbl 1 [0]: FFF0F000, CID: B105E00D, PID: 000BB008 SCS -- CPU_WriteMem(4 bytes @ 0xE0001000) -- CPU_ReadMem(16 bytes @ 0xE0001FF0)
 -- CPU_ReadMem(16 bytes @ 0xE0001FE0)ROMTbl 1 [1]: FFF02000, CID: B105E00D, PID: 000BB00A DWT -- CPU_ReadMem(16 bytes @ 0xE0002FF0) -- CPU_ReadMem(16 bytes @ 0xE0002FE0)ROMTbl 1 [2]: FFF03000, CID: B105E00D, PID: 000BB00B FPB -- CPU_ReadMem(16 bytes @ 0x41008FF0) -- CPU_ReadMem(16 bytes @ 0x41008FE0)ROMTbl 0 [1]: 00005000, CID: B105900D, PID: 001BB932 MTB-M0+
                JLINK_Reset() -- CPU_ReadMem(4 bytes @ 0x20000440) -- CPU_WriteMem(4 bytes @ 0x20000440) -- CPU_ReadMem(4 bytes @ 0xE000EDFC) -- CPU_WriteMem(4 bytes @ 0xE000EDFC) -- CPU_WriteMem(4 bytes @ 0xE000ED0C) -- CPU is running -- CPU_ReadMem(4 bytes @ 0xE000EDF0) -- CPU is running -- CPU_ReadMem(4 bytes @ 0x41002100) -- CPU is running -- CPU_WriteMem(4 bytes @ 0xE000EDFC) -- CPU_WriteMem(4 bytes @ 0xE0002000) -- CPU_ReadMem(4 bytes @ 0xE000EDFC) -- CPU_ReadMem(4 bytes @ 0xE0001000)
 -- CPU_WriteMem(4 bytes @ 0xE0001000) (0010ms, 0010ms total)
                JLINK_Go() -- CPU_WriteMem(16 bytes @ 0x20000000) -- CPU_ReadMem(4 bytes @ 0xE0001000) -- CPU_WriteMem(4 bytes @ 0xE0001000) -- CPU_WriteMem(4 bytes @ 0xE0001004) (0003ms, 0013ms total)
               (0048ms, 18521ms total)
T21AC 26504:547 JLINK_Close() >0x0D TIF> >0x28 TIF> >0x0D TIF> >0x28 TIF> >0x0D TIF> >0x28 TIF> >0x0D TIF> >0x28 TIF> >0x0D TIF> >0x28 TIF> >0x0D TIF> >0x28 TIF> >0x0D TIF> >0x28 TIF> >0x0D TIF> >0x28 TIF> >0x0D TIF> >0x21 TIF> >0x0D TIF> >0x28 TIF> (0017ms, 18538ms total)
T21AC 26504:547  (0017ms, 18538ms total)
T21AC 26504:547 Closed (0017ms, 18538ms total)
